{"C:\\Users\\Lenovo\\Desktop\\prueba cod 2\\DEV004-card-validation\\src\\validator.js": {"path":"C:\\Users\\Lenovo\\Desktop\\prueba cod 2\\DEV004-card-validation\\src\\validator.js","statementMap":{"0":{"start":{"line":1,"column":18},"end":{"line":50,"column":1}},"1":{"start":{"line":4,"column":18},"end":{"line":4,"column":56}},"2":{"start":{"line":6,"column":21},"end":{"line":6,"column":36}},"3":{"start":{"line":7,"column":14},"end":{"line":7,"column":15}},"4":{"start":{"line":9,"column":4},"end":{"line":22,"column":5}},"5":{"start":{"line":9,"column":17},"end":{"line":9,"column":18}},"6":{"start":{"line":10,"column":18},"end":{"line":10,"column":23}},"7":{"start":{"line":12,"column":6},"end":{"line":14,"column":7}},"8":{"start":{"line":13,"column":8},"end":{"line":13,"column":38}},"9":{"start":{"line":15,"column":6},"end":{"line":20,"column":7}},"10":{"start":{"line":17,"column":20},"end":{"line":17,"column":64}},"11":{"start":{"line":19,"column":8},"end":{"line":19,"column":38}},"12":{"start":{"line":21,"column":6},"end":{"line":21,"column":24}},"13":{"start":{"line":24,"column":4},"end":{"line":24,"column":26}},"14":{"start":{"line":30,"column":22},"end":{"line":30,"column":38}},"15":{"start":{"line":32,"column":16},"end":{"line":32,"column":18}},"16":{"start":{"line":33,"column":4},"end":{"line":38,"column":5}},"17":{"start":{"line":33,"column":17},"end":{"line":33,"column":18}},"18":{"start":{"line":34,"column":6},"end":{"line":34,"column":25}},"19":{"start":{"line":40,"column":21},"end":{"line":40,"column":53}},"20":{"start":{"line":41,"column":19},"end":{"line":41,"column":39}},"21":{"start":{"line":44,"column":4},"end":{"line":44,"column":17}}},"fnMap":{"0":{"name":"(anonymous_0)","decl":{"start":{"line":3,"column":11},"end":{"line":3,"column":12}},"loc":{"start":{"line":3,"column":39},"end":{"line":27,"column":3}},"line":3},"1":{"name":"(anonymous_1)","decl":{"start":{"line":29,"column":11},"end":{"line":29,"column":12}},"loc":{"start":{"line":29,"column":23},"end":{"line":48,"column":3}},"line":29}},"branchMap":{"0":{"loc":{"start":{"line":12,"column":6},"end":{"line":14,"column":7}},"type":"if","locations":[{"start":{"line":12,"column":6},"end":{"line":14,"column":7}},{"start":{},"end":{}}],"line":12},"1":{"loc":{"start":{"line":15,"column":6},"end":{"line":20,"column":7}},"type":"if","locations":[{"start":{"line":15,"column":6},"end":{"line":20,"column":7}},{"start":{},"end":{}}],"line":15}},"s":{"0":1,"1":3,"2":3,"3":3,"4":3,"5":3,"6":34,"7":34,"8":16,"9":34,"10":8,"11":8,"12":34,"13":3,"14":3,"15":3,"16":3,"17":3,"18":27,"19":3,"20":3,"21":3},"f":{"0":3,"1":3},"b":{"0":[16,18],"1":[8,26]},"_coverageSchema":"1a1c01bbd47fc00a2c39e90264f33305004495a9","hash":"832b58db0fef5a43fb2851eaa893ac113093360c"}
}
